<?xml version="1.0" encoding="UTF-8"?>
<!-- Generated by org.testng.reporters.JUnitReportReporter -->
<testsuite skipped="0" hostname="DESKTOP-G1T6KU3" name="com.qa.tests.WeatherInfoTests" tests="2" failures="0" timestamp="2021-11-04T20:48:12 GMT" time="5.121" errors="0">
  <testcase name="GetWeatherDetailsWithCorrectDataTest" time="4.728" classname="com.qa.tests.WeatherInfoTests"/>
  <system-out/>
  <testcase name="GetWeatherDetailsWithCorrectDataTest" time="0.393" classname="com.qa.tests.WeatherInfoTests"/>
  <system-out/>
</testsuite> <!-- com.qa.tests.WeatherInfoTests -->
